  libImages.c
..\..\..\..\..\Analyse d'image\Assam-OCR\Visual\Src\libImages.c(65): warning C4996: 'fopen': This function or variable may be unsafe. Consider using fopen_s instead. To disable deprecation, use _CRT_SECURE_NO_WARNINGS. See online help for details.
  C:\Program Files (x86)\Windows Kits\10\Include\10.0.10240.0\ucrt\stdio.h(205): note: voir la déclaration de 'fopen'
..\..\..\..\..\Analyse d'image\Assam-OCR\Visual\Src\libImages.c(80): warning C4996: 'fopen': This function or variable may be unsafe. Consider using fopen_s instead. To disable deprecation, use _CRT_SECURE_NO_WARNINGS. See online help for details.
  C:\Program Files (x86)\Windows Kits\10\Include\10.0.10240.0\ucrt\stdio.h(205): note: voir la déclaration de 'fopen'
..\..\..\..\..\Analyse d'image\Assam-OCR\Visual\Src\libImages.c(83): warning C4996: 'fscanf': This function or variable may be unsafe. Consider using fscanf_s instead. To disable deprecation, use _CRT_SECURE_NO_WARNINGS. See online help for details.
  C:\Program Files (x86)\Windows Kits\10\Include\10.0.10240.0\ucrt\stdio.h(1193): note: voir la déclaration de 'fscanf'
..\..\..\..\..\Analyse d'image\Assam-OCR\Visual\Src\libImages.c(84): warning C4996: 'fscanf': This function or variable may be unsafe. Consider using fscanf_s instead. To disable deprecation, use _CRT_SECURE_NO_WARNINGS. See online help for details.
  C:\Program Files (x86)\Windows Kits\10\Include\10.0.10240.0\ucrt\stdio.h(1193): note: voir la déclaration de 'fscanf'
..\..\..\..\..\Analyse d'image\Assam-OCR\Visual\Src\libImages.c(85): warning C4996: 'fscanf': This function or variable may be unsafe. Consider using fscanf_s instead. To disable deprecation, use _CRT_SECURE_NO_WARNINGS. See online help for details.
  C:\Program Files (x86)\Windows Kits\10\Include\10.0.10240.0\ucrt\stdio.h(1193): note: voir la déclaration de 'fscanf'
..\..\..\..\..\Analyse d'image\Assam-OCR\Visual\Src\libImages.c(87): warning C4996: 'fscanf': This function or variable may be unsafe. Consider using fscanf_s instead. To disable deprecation, use _CRT_SECURE_NO_WARNINGS. See online help for details.
  C:\Program Files (x86)\Windows Kits\10\Include\10.0.10240.0\ucrt\stdio.h(1193): note: voir la déclaration de 'fscanf'
..\..\..\..\..\Analyse d'image\Assam-OCR\Visual\Src\libImages.c(91): warning C4996: 'fscanf': This function or variable may be unsafe. Consider using fscanf_s instead. To disable deprecation, use _CRT_SECURE_NO_WARNINGS. See online help for details.
  C:\Program Files (x86)\Windows Kits\10\Include\10.0.10240.0\ucrt\stdio.h(1193): note: voir la déclaration de 'fscanf'
..\..\..\..\..\Analyse d'image\Assam-OCR\Visual\Src\libImages.c(92): warning C4996: 'fscanf': This function or variable may be unsafe. Consider using fscanf_s instead. To disable deprecation, use _CRT_SECURE_NO_WARNINGS. See online help for details.
  C:\Program Files (x86)\Windows Kits\10\Include\10.0.10240.0\ucrt\stdio.h(1193): note: voir la déclaration de 'fscanf'
..\..\..\..\..\Analyse d'image\Assam-OCR\Visual\Src\libImages.c(96): warning C4996: 'fscanf': This function or variable may be unsafe. Consider using fscanf_s instead. To disable deprecation, use _CRT_SECURE_NO_WARNINGS. See online help for details.
  C:\Program Files (x86)\Windows Kits\10\Include\10.0.10240.0\ucrt\stdio.h(1193): note: voir la déclaration de 'fscanf'
..\..\..\..\..\Analyse d'image\Assam-OCR\Visual\Src\libImages.c(99): warning C4996: 'fscanf': This function or variable may be unsafe. Consider using fscanf_s instead. To disable deprecation, use _CRT_SECURE_NO_WARNINGS. See online help for details.
  C:\Program Files (x86)\Windows Kits\10\Include\10.0.10240.0\ucrt\stdio.h(1193): note: voir la déclaration de 'fscanf'
..\..\..\..\..\Analyse d'image\Assam-OCR\Visual\Src\libImages.c(103): warning C4996: 'fscanf': This function or variable may be unsafe. Consider using fscanf_s instead. To disable deprecation, use _CRT_SECURE_NO_WARNINGS. See online help for details.
  C:\Program Files (x86)\Windows Kits\10\Include\10.0.10240.0\ucrt\stdio.h(1193): note: voir la déclaration de 'fscanf'
..\..\..\..\..\Analyse d'image\Assam-OCR\Visual\Src\libImages.c(104): warning C4996: 'fscanf': This function or variable may be unsafe. Consider using fscanf_s instead. To disable deprecation, use _CRT_SECURE_NO_WARNINGS. See online help for details.
  C:\Program Files (x86)\Windows Kits\10\Include\10.0.10240.0\ucrt\stdio.h(1193): note: voir la déclaration de 'fscanf'
..\..\..\..\..\Analyse d'image\Assam-OCR\Visual\Src\libImages.c(108): warning C4996: 'fscanf': This function or variable may be unsafe. Consider using fscanf_s instead. To disable deprecation, use _CRT_SECURE_NO_WARNINGS. See online help for details.
  C:\Program Files (x86)\Windows Kits\10\Include\10.0.10240.0\ucrt\stdio.h(1193): note: voir la déclaration de 'fscanf'
..\..\..\..\..\Analyse d'image\Assam-OCR\Visual\Src\libImages.c(111): warning C4996: 'fscanf': This function or variable may be unsafe. Consider using fscanf_s instead. To disable deprecation, use _CRT_SECURE_NO_WARNINGS. See online help for details.
  C:\Program Files (x86)\Windows Kits\10\Include\10.0.10240.0\ucrt\stdio.h(1193): note: voir la déclaration de 'fscanf'
..\..\..\..\..\Analyse d'image\Assam-OCR\Visual\Src\libImages.c(115): warning C4996: 'fscanf': This function or variable may be unsafe. Consider using fscanf_s instead. To disable deprecation, use _CRT_SECURE_NO_WARNINGS. See online help for details.
  C:\Program Files (x86)\Windows Kits\10\Include\10.0.10240.0\ucrt\stdio.h(1193): note: voir la déclaration de 'fscanf'
..\..\..\..\..\Analyse d'image\Assam-OCR\Visual\Src\libImages.c(116): warning C4996: 'fscanf': This function or variable may be unsafe. Consider using fscanf_s instead. To disable deprecation, use _CRT_SECURE_NO_WARNINGS. See online help for details.
  C:\Program Files (x86)\Windows Kits\10\Include\10.0.10240.0\ucrt\stdio.h(1193): note: voir la déclaration de 'fscanf'
..\..\..\..\..\Analyse d'image\Assam-OCR\Visual\Src\libImages.c(120): warning C4996: 'fscanf': This function or variable may be unsafe. Consider using fscanf_s instead. To disable deprecation, use _CRT_SECURE_NO_WARNINGS. See online help for details.
  C:\Program Files (x86)\Windows Kits\10\Include\10.0.10240.0\ucrt\stdio.h(1193): note: voir la déclaration de 'fscanf'
..\..\..\..\..\Analyse d'image\Assam-OCR\Visual\Src\libImages.c(138): warning C4996: 'fscanf': This function or variable may be unsafe. Consider using fscanf_s instead. To disable deprecation, use _CRT_SECURE_NO_WARNINGS. See online help for details.
  C:\Program Files (x86)\Windows Kits\10\Include\10.0.10240.0\ucrt\stdio.h(1193): note: voir la déclaration de 'fscanf'
..\..\..\..\..\Analyse d'image\Assam-OCR\Visual\Src\libImages.c(148): warning C4996: 'fopen': This function or variable may be unsafe. Consider using fopen_s instead. To disable deprecation, use _CRT_SECURE_NO_WARNINGS. See online help for details.
  C:\Program Files (x86)\Windows Kits\10\Include\10.0.10240.0\ucrt\stdio.h(205): note: voir la déclaration de 'fopen'
..\..\..\..\..\Analyse d'image\Assam-OCR\Visual\Src\libImages.c(218): warning C4996: 'fopen': This function or variable may be unsafe. Consider using fopen_s instead. To disable deprecation, use _CRT_SECURE_NO_WARNINGS. See online help for details.
  C:\Program Files (x86)\Windows Kits\10\Include\10.0.10240.0\ucrt\stdio.h(205): note: voir la déclaration de 'fopen'
..\..\..\..\..\Analyse d'image\Assam-OCR\Visual\Src\libImages.c(238): warning C4996: 'fopen': This function or variable may be unsafe. Consider using fopen_s instead. To disable deprecation, use _CRT_SECURE_NO_WARNINGS. See online help for details.
  C:\Program Files (x86)\Windows Kits\10\Include\10.0.10240.0\ucrt\stdio.h(205): note: voir la déclaration de 'fopen'
..\..\..\..\..\Analyse d'image\Assam-OCR\Visual\Src\libImages.c(242): warning C4996: 'sprintf': This function or variable may be unsafe. Consider using sprintf_s instead. To disable deprecation, use _CRT_SECURE_NO_WARNINGS. See online help for details.
  C:\Program Files (x86)\Windows Kits\10\Include\10.0.10240.0\ucrt\stdio.h(1769): note: voir la déclaration de 'sprintf'
..\..\..\..\..\Analyse d'image\Assam-OCR\Visual\Src\libImages.c(293): warning C4996: 'fopen': This function or variable may be unsafe. Consider using fopen_s instead. To disable deprecation, use _CRT_SECURE_NO_WARNINGS. See online help for details.
  C:\Program Files (x86)\Windows Kits\10\Include\10.0.10240.0\ucrt\stdio.h(205): note: voir la déclaration de 'fopen'
..\..\..\..\..\Analyse d'image\Assam-OCR\Visual\Src\libImages.c(309): warning C4996: 'fopen': This function or variable may be unsafe. Consider using fopen_s instead. To disable deprecation, use _CRT_SECURE_NO_WARNINGS. See online help for details.
  C:\Program Files (x86)\Windows Kits\10\Include\10.0.10240.0\ucrt\stdio.h(205): note: voir la déclaration de 'fopen'
..\..\..\..\..\Analyse d'image\Assam-OCR\Visual\Src\libImages.c(312): warning C4996: 'fscanf': This function or variable may be unsafe. Consider using fscanf_s instead. To disable deprecation, use _CRT_SECURE_NO_WARNINGS. See online help for details.
  C:\Program Files (x86)\Windows Kits\10\Include\10.0.10240.0\ucrt\stdio.h(1193): note: voir la déclaration de 'fscanf'
..\..\..\..\..\Analyse d'image\Assam-OCR\Visual\Src\libImages.c(313): warning C4996: 'fscanf': This function or variable may be unsafe. Consider using fscanf_s instead. To disable deprecation, use _CRT_SECURE_NO_WARNINGS. See online help for details.
  C:\Program Files (x86)\Windows Kits\10\Include\10.0.10240.0\ucrt\stdio.h(1193): note: voir la déclaration de 'fscanf'
..\..\..\..\..\Analyse d'image\Assam-OCR\Visual\Src\libImages.c(314): warning C4996: 'fscanf': This function or variable may be unsafe. Consider using fscanf_s instead. To disable deprecation, use _CRT_SECURE_NO_WARNINGS. See online help for details.
  C:\Program Files (x86)\Windows Kits\10\Include\10.0.10240.0\ucrt\stdio.h(1193): note: voir la déclaration de 'fscanf'
..\..\..\..\..\Analyse d'image\Assam-OCR\Visual\Src\libImages.c(316): warning C4996: 'fscanf': This function or variable may be unsafe. Consider using fscanf_s instead. To disable deprecation, use _CRT_SECURE_NO_WARNINGS. See online help for details.
  C:\Program Files (x86)\Windows Kits\10\Include\10.0.10240.0\ucrt\stdio.h(1193): note: voir la déclaration de 'fscanf'
..\..\..\..\..\Analyse d'image\Assam-OCR\Visual\Src\libImages.c(320): warning C4996: 'fscanf': This function or variable may be unsafe. Consider using fscanf_s instead. To disable deprecation, use _CRT_SECURE_NO_WARNINGS. See online help for details.
  C:\Program Files (x86)\Windows Kits\10\Include\10.0.10240.0\ucrt\stdio.h(1193): note: voir la déclaration de 'fscanf'
..\..\..\..\..\Analyse d'image\Assam-OCR\Visual\Src\libImages.c(321): warning C4996: 'fscanf': This function or variable may be unsafe. Consider using fscanf_s instead. To disable deprecation, use _CRT_SECURE_NO_WARNINGS. See online help for details.
  C:\Program Files (x86)\Windows Kits\10\Include\10.0.10240.0\ucrt\stdio.h(1193): note: voir la déclaration de 'fscanf'
..\..\..\..\..\Analyse d'image\Assam-OCR\Visual\Src\libImages.c(325): warning C4996: 'fscanf': This function or variable may be unsafe. Consider using fscanf_s instead. To disable deprecation, use _CRT_SECURE_NO_WARNINGS. See online help for details.
  C:\Program Files (x86)\Windows Kits\10\Include\10.0.10240.0\ucrt\stdio.h(1193): note: voir la déclaration de 'fscanf'
..\..\..\..\..\Analyse d'image\Assam-OCR\Visual\Src\libImages.c(328): warning C4996: 'fscanf': This function or variable may be unsafe. Consider using fscanf_s instead. To disable deprecation, use _CRT_SECURE_NO_WARNINGS. See online help for details.
  C:\Program Files (x86)\Windows Kits\10\Include\10.0.10240.0\ucrt\stdio.h(1193): note: voir la déclaration de 'fscanf'
..\..\..\..\..\Analyse d'image\Assam-OCR\Visual\Src\libImages.c(332): warning C4996: 'fscanf': This function or variable may be unsafe. Consider using fscanf_s instead. To disable deprecation, use _CRT_SECURE_NO_WARNINGS. See online help for details.
  C:\Program Files (x86)\Windows Kits\10\Include\10.0.10240.0\ucrt\stdio.h(1193): note: voir la déclaration de 'fscanf'
..\..\..\..\..\Analyse d'image\Assam-OCR\Visual\Src\libImages.c(333): warning C4996: 'fscanf': This function or variable may be unsafe. Consider using fscanf_s instead. To disable deprecation, use _CRT_SECURE_NO_WARNINGS. See online help for details.
  C:\Program Files (x86)\Windows Kits\10\Include\10.0.10240.0\ucrt\stdio.h(1193): note: voir la déclaration de 'fscanf'
..\..\..\..\..\Analyse d'image\Assam-OCR\Visual\Src\libImages.c(337): warning C4996: 'fscanf': This function or variable may be unsafe. Consider using fscanf_s instead. To disable deprecation, use _CRT_SECURE_NO_WARNINGS. See online help for details.
  C:\Program Files (x86)\Windows Kits\10\Include\10.0.10240.0\ucrt\stdio.h(1193): note: voir la déclaration de 'fscanf'
..\..\..\..\..\Analyse d'image\Assam-OCR\Visual\Src\libImages.c(340): warning C4996: 'fscanf': This function or variable may be unsafe. Consider using fscanf_s instead. To disable deprecation, use _CRT_SECURE_NO_WARNINGS. See online help for details.
  C:\Program Files (x86)\Windows Kits\10\Include\10.0.10240.0\ucrt\stdio.h(1193): note: voir la déclaration de 'fscanf'
..\..\..\..\..\Analyse d'image\Assam-OCR\Visual\Src\libImages.c(344): warning C4996: 'fscanf': This function or variable may be unsafe. Consider using fscanf_s instead. To disable deprecation, use _CRT_SECURE_NO_WARNINGS. See online help for details.
  C:\Program Files (x86)\Windows Kits\10\Include\10.0.10240.0\ucrt\stdio.h(1193): note: voir la déclaration de 'fscanf'
..\..\..\..\..\Analyse d'image\Assam-OCR\Visual\Src\libImages.c(345): warning C4996: 'fscanf': This function or variable may be unsafe. Consider using fscanf_s instead. To disable deprecation, use _CRT_SECURE_NO_WARNINGS. See online help for details.
  C:\Program Files (x86)\Windows Kits\10\Include\10.0.10240.0\ucrt\stdio.h(1193): note: voir la déclaration de 'fscanf'
..\..\..\..\..\Analyse d'image\Assam-OCR\Visual\Src\libImages.c(349): warning C4996: 'fscanf': This function or variable may be unsafe. Consider using fscanf_s instead. To disable deprecation, use _CRT_SECURE_NO_WARNINGS. See online help for details.
  C:\Program Files (x86)\Windows Kits\10\Include\10.0.10240.0\ucrt\stdio.h(1193): note: voir la déclaration de 'fscanf'
..\..\..\..\..\Analyse d'image\Assam-OCR\Visual\Src\libImages.c(367): warning C4996: 'fscanf': This function or variable may be unsafe. Consider using fscanf_s instead. To disable deprecation, use _CRT_SECURE_NO_WARNINGS. See online help for details.
  C:\Program Files (x86)\Windows Kits\10\Include\10.0.10240.0\ucrt\stdio.h(1193): note: voir la déclaration de 'fscanf'
..\..\..\..\..\Analyse d'image\Assam-OCR\Visual\Src\libImages.c(369): warning C4996: 'fscanf': This function or variable may be unsafe. Consider using fscanf_s instead. To disable deprecation, use _CRT_SECURE_NO_WARNINGS. See online help for details.
  C:\Program Files (x86)\Windows Kits\10\Include\10.0.10240.0\ucrt\stdio.h(1193): note: voir la déclaration de 'fscanf'
..\..\..\..\..\Analyse d'image\Assam-OCR\Visual\Src\libImages.c(371): warning C4996: 'fscanf': This function or variable may be unsafe. Consider using fscanf_s instead. To disable deprecation, use _CRT_SECURE_NO_WARNINGS. See online help for details.
  C:\Program Files (x86)\Windows Kits\10\Include\10.0.10240.0\ucrt\stdio.h(1193): note: voir la déclaration de 'fscanf'
..\..\..\..\..\Analyse d'image\Assam-OCR\Visual\Src\libImages.c(381): warning C4996: 'fopen': This function or variable may be unsafe. Consider using fopen_s instead. To disable deprecation, use _CRT_SECURE_NO_WARNINGS. See online help for details.
  C:\Program Files (x86)\Windows Kits\10\Include\10.0.10240.0\ucrt\stdio.h(205): note: voir la déclaration de 'fopen'
..\..\..\..\..\Analyse d'image\Assam-OCR\Visual\Src\libImages.c(451): warning C4996: 'fopen': This function or variable may be unsafe. Consider using fopen_s instead. To disable deprecation, use _CRT_SECURE_NO_WARNINGS. See online help for details.
  C:\Program Files (x86)\Windows Kits\10\Include\10.0.10240.0\ucrt\stdio.h(205): note: voir la déclaration de 'fopen'
..\..\..\..\..\Analyse d'image\Assam-OCR\Visual\Src\libImages.c(474): warning C4996: 'fopen': This function or variable may be unsafe. Consider using fopen_s instead. To disable deprecation, use _CRT_SECURE_NO_WARNINGS. See online help for details.
  C:\Program Files (x86)\Windows Kits\10\Include\10.0.10240.0\ucrt\stdio.h(205): note: voir la déclaration de 'fopen'
..\..\..\..\..\Analyse d'image\Assam-OCR\Visual\Src\libImages.c(478): warning C4996: 'sprintf': This function or variable may be unsafe. Consider using sprintf_s instead. To disable deprecation, use _CRT_SECURE_NO_WARNINGS. See online help for details.
  C:\Program Files (x86)\Windows Kits\10\Include\10.0.10240.0\ucrt\stdio.h(1769): note: voir la déclaration de 'sprintf'
..\..\..\..\..\Analyse d'image\Assam-OCR\Visual\Src\libImages.c(583): warning C4996: 'fopen': This function or variable may be unsafe. Consider using fopen_s instead. To disable deprecation, use _CRT_SECURE_NO_WARNINGS. See online help for details.
  C:\Program Files (x86)\Windows Kits\10\Include\10.0.10240.0\ucrt\stdio.h(205): note: voir la déclaration de 'fopen'
..\..\..\..\..\Analyse d'image\Assam-OCR\Visual\Src\libImages.c(704): warning C4996: 'fopen': This function or variable may be unsafe. Consider using fopen_s instead. To disable deprecation, use _CRT_SECURE_NO_WARNINGS. See online help for details.
  C:\Program Files (x86)\Windows Kits\10\Include\10.0.10240.0\ucrt\stdio.h(205): note: voir la déclaration de 'fopen'
..\..\..\..\..\Analyse d'image\Assam-OCR\Visual\Src\libImages.c(712): warning C4996: 'sscanf': This function or variable may be unsafe. Consider using sscanf_s instead. To disable deprecation, use _CRT_SECURE_NO_WARNINGS. See online help for details.
  C:\Program Files (x86)\Windows Kits\10\Include\10.0.10240.0\ucrt\stdio.h(2254): note: voir la déclaration de 'sscanf'
..\..\..\..\..\Analyse d'image\Assam-OCR\Visual\Src\libImages.c(863): warning C4996: 'strcpy': This function or variable may be unsafe. Consider using strcpy_s instead. To disable deprecation, use _CRT_SECURE_NO_WARNINGS. See online help for details.
..\..\..\..\..\Analyse d'image\Assam-OCR\Visual\Src\libImages.c(869): warning C4996: 'strcpy': This function or variable may be unsafe. Consider using strcpy_s instead. To disable deprecation, use _CRT_SECURE_NO_WARNINGS. See online help for details.
..\..\..\..\..\Analyse d'image\Assam-OCR\Visual\Src\libImages.c(857): warning C4996: 'fopen': This function or variable may be unsafe. Consider using fopen_s instead. To disable deprecation, use _CRT_SECURE_NO_WARNINGS. See online help for details.
  C:\Program Files (x86)\Windows Kits\10\Include\10.0.10240.0\ucrt\stdio.h(205): note: voir la déclaration de 'fopen'
..\..\..\..\..\Analyse d'image\Assam-OCR\Visual\Src\libImages.c(858): warning C4996: 'fscanf': This function or variable may be unsafe. Consider using fscanf_s instead. To disable deprecation, use _CRT_SECURE_NO_WARNINGS. See online help for details.
  C:\Program Files (x86)\Windows Kits\10\Include\10.0.10240.0\ucrt\stdio.h(1193): note: voir la déclaration de 'fscanf'
..\..\..\..\..\Analyse d'image\Assam-OCR\Visual\Src\libImages.c(901): warning C4047: 'initialisation' : les niveaux d'indirection de 'unsigned char' et de 'void *' sont différents
..\..\..\..\..\Analyse d'image\Assam-OCR\Visual\Src\libImages.c(1040): warning C4047: 'initialisation' : les niveaux d'indirection de 'unsigned char' et de 'void *' sont différents
..\..\..\..\..\Analyse d'image\Assam-OCR\Visual\Src\libImages.c(1081): warning C4047: 'initialisation' : les niveaux d'indirection de 'int' et de 'void *' sont différents
..\..\..\..\..\Analyse d'image\Assam-OCR\Visual\Src\libImages.c(1132): warning C4047: 'initialisation' : les niveaux d'indirection de 'unsigned char' et de 'void *' sont différents
..\..\..\..\..\Analyse d'image\Assam-OCR\Visual\Src\libImages.c(1173): warning C4047: 'initialisation' : les niveaux d'indirection de 'int' et de 'void *' sont différents
..\..\..\..\..\Analyse d'image\Assam-OCR\Visual\Src\libImages.c(1232): warning C4047: 'initialisation' : les niveaux d'indirection de 'unsigned char' et de 'void *' sont différents
..\..\..\..\..\Analyse d'image\Assam-OCR\Visual\Src\libImages.c(1273): warning C4047: 'initialisation' : les niveaux d'indirection de 'int' et de 'void *' sont différents
..\..\..\..\..\Analyse d'image\Assam-OCR\Visual\Src\libImages.c(1415): warning C4047: 'initialisation' : les niveaux d'indirection de 'int' et de 'void *' sont différents
..\..\..\..\..\Analyse d'image\Assam-OCR\Visual\Src\libImages.c(1417): warning C4101: 'test' : variable locale non référencée
..\..\..\..\..\Analyse d'image\Assam-OCR\Visual\Src\libImages.c(1669): warning C4101: 'test' : variable locale non référencée
..\..\..\..\..\Analyse d'image\Assam-OCR\Visual\Src\libImages.c(1734): warning C4996: 'strncat': This function or variable may be unsafe. Consider using strncat_s instead. To disable deprecation, use _CRT_SECURE_NO_WARNINGS. See online help for details.
  C:\Program Files (x86)\Windows Kits\10\Include\10.0.10240.0\ucrt\string.h(255): note: voir la déclaration de 'strncat'
..\..\..\..\..\Analyse d'image\Assam-OCR\Visual\Src\libImages.c(1738): warning C4996: 'strncat': This function or variable may be unsafe. Consider using strncat_s instead. To disable deprecation, use _CRT_SECURE_NO_WARNINGS. See online help for details.
  C:\Program Files (x86)\Windows Kits\10\Include\10.0.10240.0\ucrt\string.h(255): note: voir la déclaration de 'strncat'
..\..\..\..\..\Analyse d'image\Assam-OCR\Visual\Src\libImages.c(1816): warning C4047: 'fonction' : les niveaux d'indirection de 'int *' et de 'int **' sont différents
..\..\..\..\..\Analyse d'image\Assam-OCR\Visual\Src\libImages.c(1816): warning C4024: 'maxETindTabInt' : types différents pour le paramètre formel et réel 2
..\..\..\..\..\Analyse d'image\Assam-OCR\Visual\Src\libImages.c(1816): warning C4024: 'maxETindTabInt' : types différents pour le paramètre formel et réel 3
..\..\..\..\..\Analyse d'image\Assam-OCR\Visual\Src\libImages.c(1778): warning C4996: 'strncat': This function or variable may be unsafe. Consider using strncat_s instead. To disable deprecation, use _CRT_SECURE_NO_WARNINGS. See online help for details.
  C:\Program Files (x86)\Windows Kits\10\Include\10.0.10240.0\ucrt\string.h(255): note: voir la déclaration de 'strncat'
..\..\..\..\..\Analyse d'image\Assam-OCR\Visual\Src\libImages.c(1779): warning C4996: 'strncat': This function or variable may be unsafe. Consider using strncat_s instead. To disable deprecation, use _CRT_SECURE_NO_WARNINGS. See online help for details.
  C:\Program Files (x86)\Windows Kits\10\Include\10.0.10240.0\ucrt\string.h(255): note: voir la déclaration de 'strncat'
..\..\..\..\..\Analyse d'image\Assam-OCR\Visual\Src\libImages.c(1780): warning C4996: 'strncat': This function or variable may be unsafe. Consider using strncat_s instead. To disable deprecation, use _CRT_SECURE_NO_WARNINGS. See online help for details.
  C:\Program Files (x86)\Windows Kits\10\Include\10.0.10240.0\ucrt\string.h(255): note: voir la déclaration de 'strncat'
..\..\..\..\..\Analyse d'image\Assam-OCR\Visual\Src\libImages.c(1804): warning C4996: 'sprintf': This function or variable may be unsafe. Consider using sprintf_s instead. To disable deprecation, use _CRT_SECURE_NO_WARNINGS. See online help for details.
  C:\Program Files (x86)\Windows Kits\10\Include\10.0.10240.0\ucrt\stdio.h(1769): note: voir la déclaration de 'sprintf'
..\..\..\..\..\Analyse d'image\Assam-OCR\Visual\Src\libImages.c(1805): warning C4996: 'strncat': This function or variable may be unsafe. Consider using strncat_s instead. To disable deprecation, use _CRT_SECURE_NO_WARNINGS. See online help for details.
  C:\Program Files (x86)\Windows Kits\10\Include\10.0.10240.0\ucrt\string.h(255): note: voir la déclaration de 'strncat'
..\..\..\..\..\Analyse d'image\Assam-OCR\Visual\Src\libImages.c(1806): warning C4996: 'strncat': This function or variable may be unsafe. Consider using strncat_s instead. To disable deprecation, use _CRT_SECURE_NO_WARNINGS. See online help for details.
  C:\Program Files (x86)\Windows Kits\10\Include\10.0.10240.0\ucrt\string.h(255): note: voir la déclaration de 'strncat'
..\..\..\..\..\Analyse d'image\Assam-OCR\Visual\Src\libImages.c(1879): warning C4047: 'fonction' : les niveaux d'indirection de 'int *' et de 'int **' sont différents
..\..\..\..\..\Analyse d'image\Assam-OCR\Visual\Src\libImages.c(1879): warning C4024: 'maxETindTabInt' : types différents pour le paramètre formel et réel 2
..\..\..\..\..\Analyse d'image\Assam-OCR\Visual\Src\libImages.c(1879): warning C4024: 'maxETindTabInt' : types différents pour le paramètre formel et réel 3
..\..\..\..\..\Analyse d'image\Assam-OCR\Visual\Src\libImages.c(1896): warning C4047: 'fonction' : les niveaux d'indirection de 'int' et de 'int *' sont différents
..\..\..\..\..\Analyse d'image\Assam-OCR\Visual\Src\libImages.c(1896): warning C4024: 'numDiskToString' : types différents pour le paramètre formel et réel 1
..\..\..\..\..\Analyse d'image\Assam-OCR\Visual\Src\libImages.c(1854): warning C4996: 'strncat': This function or variable may be unsafe. Consider using strncat_s instead. To disable deprecation, use _CRT_SECURE_NO_WARNINGS. See online help for details.
  C:\Program Files (x86)\Windows Kits\10\Include\10.0.10240.0\ucrt\string.h(255): note: voir la déclaration de 'strncat'
..\..\..\..\..\Analyse d'image\Assam-OCR\Visual\Src\libImages.c(1855): warning C4996: 'strncat': This function or variable may be unsafe. Consider using strncat_s instead. To disable deprecation, use _CRT_SECURE_NO_WARNINGS. See online help for details.
  C:\Program Files (x86)\Windows Kits\10\Include\10.0.10240.0\ucrt\string.h(255): note: voir la déclaration de 'strncat'
..\..\..\..\..\Analyse d'image\Assam-OCR\Visual\Src\libImages.c(1856): warning C4996: 'strncat': This function or variable may be unsafe. Consider using strncat_s instead. To disable deprecation, use _CRT_SECURE_NO_WARNINGS. See online help for details.
  C:\Program Files (x86)\Windows Kits\10\Include\10.0.10240.0\ucrt\string.h(255): note: voir la déclaration de 'strncat'
..\..\..\..\..\Analyse d'image\Assam-OCR\Visual\Src\libImages.c(1888): warning C4477: 'sprintf' : la chaîne de format '%d' nécessite un argument de type 'int', mais l'argument variadique 1 est de type 'int *'
..\..\..\..\..\Analyse d'image\Assam-OCR\Visual\Src\libImages.c(1888): warning C4996: 'sprintf': This function or variable may be unsafe. Consider using sprintf_s instead. To disable deprecation, use _CRT_SECURE_NO_WARNINGS. See online help for details.
  C:\Program Files (x86)\Windows Kits\10\Include\10.0.10240.0\ucrt\stdio.h(1769): note: voir la déclaration de 'sprintf'
..\..\..\..\..\Analyse d'image\Assam-OCR\Visual\Src\libImages.c(1889): warning C4996: 'strncat': This function or variable may be unsafe. Consider using strncat_s instead. To disable deprecation, use _CRT_SECURE_NO_WARNINGS. See online help for details.
  C:\Program Files (x86)\Windows Kits\10\Include\10.0.10240.0\ucrt\string.h(255): note: voir la déclaration de 'strncat'
..\..\..\..\..\Analyse d'image\Assam-OCR\Visual\Src\libImages.c(1890): warning C4996: 'strncat': This function or variable may be unsafe. Consider using strncat_s instead. To disable deprecation, use _CRT_SECURE_NO_WARNINGS. See online help for details.
  C:\Program Files (x86)\Windows Kits\10\Include\10.0.10240.0\ucrt\string.h(255): note: voir la déclaration de 'strncat'
..\..\..\..\..\Analyse d'image\Assam-OCR\Visual\Src\libImages.c(1906): warning C4477: 'printf' : la chaîne de format '%d' nécessite un argument de type 'int', mais l'argument variadique 1 est de type 'int *'
..\..\..\..\..\Analyse d'image\Assam-OCR\Visual\Src\libImages.c(1970): warning C4996: 'sprintf': This function or variable may be unsafe. Consider using sprintf_s instead. To disable deprecation, use _CRT_SECURE_NO_WARNINGS. See online help for details.
  C:\Program Files (x86)\Windows Kits\10\Include\10.0.10240.0\ucrt\stdio.h(1769): note: voir la déclaration de 'sprintf'
..\..\..\..\..\Analyse d'image\Assam-OCR\Visual\Src\libImages.c(1971): warning C4996: 'strncat': This function or variable may be unsafe. Consider using strncat_s instead. To disable deprecation, use _CRT_SECURE_NO_WARNINGS. See online help for details.
  C:\Program Files (x86)\Windows Kits\10\Include\10.0.10240.0\ucrt\string.h(255): note: voir la déclaration de 'strncat'
..\..\..\..\..\Analyse d'image\Assam-OCR\Visual\Src\libImages.c(1972): warning C4996: 'strncat': This function or variable may be unsafe. Consider using strncat_s instead. To disable deprecation, use _CRT_SECURE_NO_WARNINGS. See online help for details.
  C:\Program Files (x86)\Windows Kits\10\Include\10.0.10240.0\ucrt\string.h(255): note: voir la déclaration de 'strncat'
..\..\..\..\..\Analyse d'image\Assam-OCR\Visual\Src\libImages.c(2071): warning C4047: 'fonction' : les niveaux d'indirection de 'int *' et de 'int **' sont différents
..\..\..\..\..\Analyse d'image\Assam-OCR\Visual\Src\libImages.c(2071): warning C4024: 'maxETindTabInt' : types différents pour le paramètre formel et réel 2
..\..\..\..\..\Analyse d'image\Assam-OCR\Visual\Src\libImages.c(2071): warning C4024: 'maxETindTabInt' : types différents pour le paramètre formel et réel 3
..\..\..\..\..\Analyse d'image\Assam-OCR\Visual\Src\libImages.c(2088): warning C4047: 'fonction' : les niveaux d'indirection de 'int' et de 'int *' sont différents
..\..\..\..\..\Analyse d'image\Assam-OCR\Visual\Src\libImages.c(2088): warning C4024: 'numDiskToString' : types différents pour le paramètre formel et réel 1
..\..\..\..\..\Analyse d'image\Assam-OCR\Visual\Src\libImages.c(2046): warning C4996: 'strncat': This function or variable may be unsafe. Consider using strncat_s instead. To disable deprecation, use _CRT_SECURE_NO_WARNINGS. See online help for details.
  C:\Program Files (x86)\Windows Kits\10\Include\10.0.10240.0\ucrt\string.h(255): note: voir la déclaration de 'strncat'
..\..\..\..\..\Analyse d'image\Assam-OCR\Visual\Src\libImages.c(2047): warning C4996: 'strncat': This function or variable may be unsafe. Consider using strncat_s instead. To disable deprecation, use _CRT_SECURE_NO_WARNINGS. See online help for details.
  C:\Program Files (x86)\Windows Kits\10\Include\10.0.10240.0\ucrt\string.h(255): note: voir la déclaration de 'strncat'
..\..\..\..\..\Analyse d'image\Assam-OCR\Visual\Src\libImages.c(2048): warning C4996: 'strncat': This function or variable may be unsafe. Consider using strncat_s instead. To disable deprecation, use _CRT_SECURE_NO_WARNINGS. See online help for details.
  C:\Program Files (x86)\Windows Kits\10\Include\10.0.10240.0\ucrt\string.h(255): note: voir la déclaration de 'strncat'
..\..\..\..\..\Analyse d'image\Assam-OCR\Visual\Src\libImages.c(2080): warning C4477: 'sprintf' : la chaîne de format '%d' nécessite un argument de type 'int', mais l'argument variadique 1 est de type 'int *'
..\..\..\..\..\Analyse d'image\Assam-OCR\Visual\Src\libImages.c(2080): warning C4996: 'sprintf': This function or variable may be unsafe. Consider using sprintf_s instead. To disable deprecation, use _CRT_SECURE_NO_WARNINGS. See online help for details.
  C:\Program Files (x86)\Windows Kits\10\Include\10.0.10240.0\ucrt\stdio.h(1769): note: voir la déclaration de 'sprintf'
..\..\..\..\..\Analyse d'image\Assam-OCR\Visual\Src\libImages.c(2081): warning C4996: 'strncat': This function or variable may be unsafe. Consider using strncat_s instead. To disable deprecation, use _CRT_SECURE_NO_WARNINGS. See online help for details.
  C:\Program Files (x86)\Windows Kits\10\Include\10.0.10240.0\ucrt\string.h(255): note: voir la déclaration de 'strncat'
..\..\..\..\..\Analyse d'image\Assam-OCR\Visual\Src\libImages.c(2082): warning C4996: 'strncat': This function or variable may be unsafe. Consider using strncat_s instead. To disable deprecation, use _CRT_SECURE_NO_WARNINGS. See online help for details.
  C:\Program Files (x86)\Windows Kits\10\Include\10.0.10240.0\ucrt\string.h(255): note: voir la déclaration de 'strncat'
..\..\..\..\..\Analyse d'image\Assam-OCR\Visual\Src\libImages.c(2098): warning C4477: 'printf' : la chaîne de format '%d' nécessite un argument de type 'int', mais l'argument variadique 1 est de type 'int *'
..\..\..\..\..\Analyse d'image\Assam-OCR\Visual\Src\libImages.c(2108): warning C4996: 'strncat': This function or variable may be unsafe. Consider using strncat_s instead. To disable deprecation, use _CRT_SECURE_NO_WARNINGS. See online help for details.
  C:\Program Files (x86)\Windows Kits\10\Include\10.0.10240.0\ucrt\string.h(255): note: voir la déclaration de 'strncat'
..\..\..\..\..\Analyse d'image\Assam-OCR\Visual\Src\libImages.c(2109): warning C4996: 'strncat': This function or variable may be unsafe. Consider using strncat_s instead. To disable deprecation, use _CRT_SECURE_NO_WARNINGS. See online help for details.
  C:\Program Files (x86)\Windows Kits\10\Include\10.0.10240.0\ucrt\string.h(255): note: voir la déclaration de 'strncat'
..\..\..\..\..\Analyse d'image\Assam-OCR\Visual\Src\libImages.c(2118): warning C4996: 'strncat': This function or variable may be unsafe. Consider using strncat_s instead. To disable deprecation, use _CRT_SECURE_NO_WARNINGS. See online help for details.
  C:\Program Files (x86)\Windows Kits\10\Include\10.0.10240.0\ucrt\string.h(255): note: voir la déclaration de 'strncat'
..\..\..\..\..\Analyse d'image\Assam-OCR\Visual\Src\libImages.c(2119): warning C4996: 'strncat': This function or variable may be unsafe. Consider using strncat_s instead. To disable deprecation, use _CRT_SECURE_NO_WARNINGS. See online help for details.
  C:\Program Files (x86)\Windows Kits\10\Include\10.0.10240.0\ucrt\string.h(255): note: voir la déclaration de 'strncat'
..\..\..\..\..\Analyse d'image\Assam-OCR\Visual\Src\libImages.c(2288): warning C4996: 'fopen': This function or variable may be unsafe. Consider using fopen_s instead. To disable deprecation, use _CRT_SECURE_NO_WARNINGS. See online help for details.
  C:\Program Files (x86)\Windows Kits\10\Include\10.0.10240.0\ucrt\stdio.h(205): note: voir la déclaration de 'fopen'
..\..\..\..\..\Analyse d'image\Assam-OCR\Visual\Src\libImages.c(2295): warning C4996: 'strncat': This function or variable may be unsafe. Consider using strncat_s instead. To disable deprecation, use _CRT_SECURE_NO_WARNINGS. See online help for details.
  C:\Program Files (x86)\Windows Kits\10\Include\10.0.10240.0\ucrt\string.h(255): note: voir la déclaration de 'strncat'
..\..\..\..\..\Analyse d'image\Assam-OCR\Visual\Src\libImages.c(2296): warning C4996: 'strncat': This function or variable may be unsafe. Consider using strncat_s instead. To disable deprecation, use _CRT_SECURE_NO_WARNINGS. See online help for details.
  C:\Program Files (x86)\Windows Kits\10\Include\10.0.10240.0\ucrt\string.h(255): note: voir la déclaration de 'strncat'
..\..\..\..\..\Analyse d'image\Assam-OCR\Visual\Src\libImages.c(2311): warning C4996: 'sprintf': This function or variable may be unsafe. Consider using sprintf_s instead. To disable deprecation, use _CRT_SECURE_NO_WARNINGS. See online help for details.
  C:\Program Files (x86)\Windows Kits\10\Include\10.0.10240.0\ucrt\stdio.h(1769): note: voir la déclaration de 'sprintf'
..\..\..\..\..\Analyse d'image\Assam-OCR\Visual\Src\libImages.c(2312): warning C4996: 'strncat': This function or variable may be unsafe. Consider using strncat_s instead. To disable deprecation, use _CRT_SECURE_NO_WARNINGS. See online help for details.
  C:\Program Files (x86)\Windows Kits\10\Include\10.0.10240.0\ucrt\string.h(255): note: voir la déclaration de 'strncat'
..\..\..\..\..\Analyse d'image\Assam-OCR\Visual\Src\libImages.c(2313): warning C4996: 'strncat': This function or variable may be unsafe. Consider using strncat_s instead. To disable deprecation, use _CRT_SECURE_NO_WARNINGS. See online help for details.
  C:\Program Files (x86)\Windows Kits\10\Include\10.0.10240.0\ucrt\string.h(255): note: voir la déclaration de 'strncat'
..\..\..\..\..\Analyse d'image\Assam-OCR\Visual\Src\libImages.c(2316): warning C4996: 'strncat': This function or variable may be unsafe. Consider using strncat_s instead. To disable deprecation, use _CRT_SECURE_NO_WARNINGS. See online help for details.
  C:\Program Files (x86)\Windows Kits\10\Include\10.0.10240.0\ucrt\string.h(255): note: voir la déclaration de 'strncat'
..\..\..\..\..\Analyse d'image\Assam-OCR\Visual\Src\libImages.c(2361): warning C4996: 'sprintf': This function or variable may be unsafe. Consider using sprintf_s instead. To disable deprecation, use _CRT_SECURE_NO_WARNINGS. See online help for details.
  C:\Program Files (x86)\Windows Kits\10\Include\10.0.10240.0\ucrt\stdio.h(1769): note: voir la déclaration de 'sprintf'
..\..\..\..\..\Analyse d'image\Assam-OCR\Visual\Src\libImages.c(2362): warning C4996: 'strncat': This function or variable may be unsafe. Consider using strncat_s instead. To disable deprecation, use _CRT_SECURE_NO_WARNINGS. See online help for details.
  C:\Program Files (x86)\Windows Kits\10\Include\10.0.10240.0\ucrt\string.h(255): note: voir la déclaration de 'strncat'
..\..\..\..\..\Analyse d'image\Assam-OCR\Visual\Src\libImages.c(2363): warning C4996: 'strncat': This function or variable may be unsafe. Consider using strncat_s instead. To disable deprecation, use _CRT_SECURE_NO_WARNINGS. See online help for details.
  C:\Program Files (x86)\Windows Kits\10\Include\10.0.10240.0\ucrt\string.h(255): note: voir la déclaration de 'strncat'
..\..\..\..\..\Analyse d'image\Assam-OCR\Visual\Src\libImages.c(2366): warning C4996: 'strncat': This function or variable may be unsafe. Consider using strncat_s instead. To disable deprecation, use _CRT_SECURE_NO_WARNINGS. See online help for details.
  C:\Program Files (x86)\Windows Kits\10\Include\10.0.10240.0\ucrt\string.h(255): note: voir la déclaration de 'strncat'
..\..\..\..\..\Analyse d'image\Assam-OCR\Visual\Src\libImages.c(2410): warning C4996: 'sprintf': This function or variable may be unsafe. Consider using sprintf_s instead. To disable deprecation, use _CRT_SECURE_NO_WARNINGS. See online help for details.
  C:\Program Files (x86)\Windows Kits\10\Include\10.0.10240.0\ucrt\stdio.h(1769): note: voir la déclaration de 'sprintf'
..\..\..\..\..\Analyse d'image\Assam-OCR\Visual\Src\libImages.c(2411): warning C4996: 'strncat': This function or variable may be unsafe. Consider using strncat_s instead. To disable deprecation, use _CRT_SECURE_NO_WARNINGS. See online help for details.
  C:\Program Files (x86)\Windows Kits\10\Include\10.0.10240.0\ucrt\string.h(255): note: voir la déclaration de 'strncat'
..\..\..\..\..\Analyse d'image\Assam-OCR\Visual\Src\libImages.c(2412): warning C4996: 'strncat': This function or variable may be unsafe. Consider using strncat_s instead. To disable deprecation, use _CRT_SECURE_NO_WARNINGS. See online help for details.
  C:\Program Files (x86)\Windows Kits\10\Include\10.0.10240.0\ucrt\string.h(255): note: voir la déclaration de 'strncat'
..\..\..\..\..\Analyse d'image\Assam-OCR\Visual\Src\libImages.c(2415): warning C4996: 'strncat': This function or variable may be unsafe. Consider using strncat_s instead. To disable deprecation, use _CRT_SECURE_NO_WARNINGS. See online help for details.
  C:\Program Files (x86)\Windows Kits\10\Include\10.0.10240.0\ucrt\string.h(255): note: voir la déclaration de 'strncat'
..\..\..\..\..\Analyse d'image\Assam-OCR\Visual\Src\libImages.c(2461): warning C4996: 'sprintf': This function or variable may be unsafe. Consider using sprintf_s instead. To disable deprecation, use _CRT_SECURE_NO_WARNINGS. See online help for details.
  C:\Program Files (x86)\Windows Kits\10\Include\10.0.10240.0\ucrt\stdio.h(1769): note: voir la déclaration de 'sprintf'
..\..\..\..\..\Analyse d'image\Assam-OCR\Visual\Src\libImages.c(2462): warning C4996: 'strncat': This function or variable may be unsafe. Consider using strncat_s instead. To disable deprecation, use _CRT_SECURE_NO_WARNINGS. See online help for details.
  C:\Program Files (x86)\Windows Kits\10\Include\10.0.10240.0\ucrt\string.h(255): note: voir la déclaration de 'strncat'
..\..\..\..\..\Analyse d'image\Assam-OCR\Visual\Src\libImages.c(2463): warning C4996: 'strncat': This function or variable may be unsafe. Consider using strncat_s instead. To disable deprecation, use _CRT_SECURE_NO_WARNINGS. See online help for details.
  C:\Program Files (x86)\Windows Kits\10\Include\10.0.10240.0\ucrt\string.h(255): note: voir la déclaration de 'strncat'
..\..\..\..\..\Analyse d'image\Assam-OCR\Visual\Src\libImages.c(2466): warning C4996: 'strncat': This function or variable may be unsafe. Consider using strncat_s instead. To disable deprecation, use _CRT_SECURE_NO_WARNINGS. See online help for details.
  C:\Program Files (x86)\Windows Kits\10\Include\10.0.10240.0\ucrt\string.h(255): note: voir la déclaration de 'strncat'
..\..\..\..\..\Analyse d'image\Assam-OCR\Visual\Src\libImages.c(2537): warning C4996: 'strcpy': This function or variable may be unsafe. Consider using strcpy_s instead. To disable deprecation, use _CRT_SECURE_NO_WARNINGS. See online help for details.
..\..\..\..\..\Analyse d'image\Assam-OCR\Visual\Src\libImages.c(2560): warning C4047: 'fonction' : les niveaux d'indirection de 'int *' et de 'int **' sont différents
..\..\..\..\..\Analyse d'image\Assam-OCR\Visual\Src\libImages.c(2560): warning C4024: 'maxETindTabInt' : types différents pour le paramètre formel et réel 2
..\..\..\..\..\Analyse d'image\Assam-OCR\Visual\Src\libImages.c(2560): warning C4024: 'maxETindTabInt' : types différents pour le paramètre formel et réel 3
..\..\..\..\..\Analyse d'image\Assam-OCR\Visual\Src\libImages.c(2566): warning C4047: 'fonction' : les niveaux d'indirection de 'int' et de 'int *' sont différents
..\..\..\..\..\Analyse d'image\Assam-OCR\Visual\Src\libImages.c(2566): warning C4024: 'numDiskToString' : types différents pour le paramètre formel et réel 1
..\..\..\..\..\Analyse d'image\Assam-OCR\Visual\Src\libImages.c(2567): warning C4996: 'strcpy': This function or variable may be unsafe. Consider using strcpy_s instead. To disable deprecation, use _CRT_SECURE_NO_WARNINGS. See online help for details.
..\..\..\..\..\Analyse d'image\Assam-OCR\Visual\Src\libImages.c(2538): warning C4996: 'strncat': This function or variable may be unsafe. Consider using strncat_s instead. To disable deprecation, use _CRT_SECURE_NO_WARNINGS. See online help for details.
  C:\Program Files (x86)\Windows Kits\10\Include\10.0.10240.0\ucrt\string.h(255): note: voir la déclaration de 'strncat'
..\..\..\..\..\Analyse d'image\Assam-OCR\Visual\Src\libImages.c(2568): warning C4996: 'strncat': This function or variable may be unsafe. Consider using strncat_s instead. To disable deprecation, use _CRT_SECURE_NO_WARNINGS. See online help for details.
  C:\Program Files (x86)\Windows Kits\10\Include\10.0.10240.0\ucrt\string.h(255): note: voir la déclaration de 'strncat'
..\..\..\..\..\Analyse d'image\Assam-OCR\Visual\Src\libImages.c(2922): warning C4018: '<' : incompatibilité signed/unsigned
..\..\..\..\..\Analyse d'image\Assam-OCR\Visual\Src\libImages.c(2890): warning C4996: 'scanf': This function or variable may be unsafe. Consider using scanf_s instead. To disable deprecation, use _CRT_SECURE_NO_WARNINGS. See online help for details.
  C:\Program Files (x86)\Windows Kits\10\Include\10.0.10240.0\ucrt\stdio.h(1270): note: voir la déclaration de 'scanf'
..\..\..\..\..\Analyse d'image\Assam-OCR\Visual\Src\libImages.c(2903): warning C4996: 'scanf': This function or variable may be unsafe. Consider using scanf_s instead. To disable deprecation, use _CRT_SECURE_NO_WARNINGS. See online help for details.
  C:\Program Files (x86)\Windows Kits\10\Include\10.0.10240.0\ucrt\stdio.h(1270): note: voir la déclaration de 'scanf'
..\..\..\..\..\Analyse d'image\Assam-OCR\Visual\Src\libImages.c(2916): warning C4996: 'scanf': This function or variable may be unsafe. Consider using scanf_s instead. To disable deprecation, use _CRT_SECURE_NO_WARNINGS. See online help for details.
  C:\Program Files (x86)\Windows Kits\10\Include\10.0.10240.0\ucrt\stdio.h(1270): note: voir la déclaration de 'scanf'
..\..\..\..\..\Analyse d'image\Assam-OCR\Visual\Src\libImages.c(2917): warning C4996: 'sprintf': This function or variable may be unsafe. Consider using sprintf_s instead. To disable deprecation, use _CRT_SECURE_NO_WARNINGS. See online help for details.
  C:\Program Files (x86)\Windows Kits\10\Include\10.0.10240.0\ucrt\stdio.h(1769): note: voir la déclaration de 'sprintf'
..\..\..\..\..\Analyse d'image\Assam-OCR\Visual\Src\libImages.c(2949): warning C4996: 'sprintf': This function or variable may be unsafe. Consider using sprintf_s instead. To disable deprecation, use _CRT_SECURE_NO_WARNINGS. See online help for details.
  C:\Program Files (x86)\Windows Kits\10\Include\10.0.10240.0\ucrt\stdio.h(1769): note: voir la déclaration de 'sprintf'
..\..\..\..\..\Analyse d'image\Assam-OCR\Visual\Src\libImages.c(2970): warning C4244: '+=' : conversion de 'double' en 'int', perte possible de données
..\..\..\..\..\Analyse d'image\Assam-OCR\Visual\Src\libImages.c(2994): warning C4244: '+=' : conversion de 'double' en 'int', perte possible de données
  main.c
  Génération de code en cours
  1 of 20 functions ( 5.0%) were compiled, the rest were copied from previous compilation.
    0 functions were new in current compilation
    0 functions had inline decision re-evaluated but remain unchanged
  Fin de la génération du code
  Assam-OCR.vcxproj -> C:\Users\Admin\Desktop\Analyse d'image\Assam-OCR\Visual\Assam-OCR\Release\Assam-OCR.exe
  Assam-OCR.vcxproj -> C:\Users\Admin\Desktop\Analyse d'image\Assam-OCR\Visual\Assam-OCR\Release\Assam-OCR.pdb (Full PDB)
